<?xml version="1.0" encoding="UTF-8"?>
<!-- Generated by org.testng.reporters.JUnitReportReporter -->
<testsuite hostname="Ashish3143893" name="tesCases.Login" tests="1" failures="0" timestamp="15 Feb 2019 05:24:06 GMT" time="1246.075" errors="0">
  <testcase name="TestLoginFail" time="1246.075" classname="tesCases.Login"/>
</testsuite> <!-- tesCases.Login -->
